<?xml version="1.0" encoding="UTF-8"?>
<!-- Generated by org.testng.reporters.JUnitReportReporter -->
<testsuite hostname="Windows-Module.local" name="runners.MainRunner" tests="1" failures="0" timestamp="22 Jan 2021 01:42:44 GMT" time="14.967" errors="0">
  <testcase name="feature" time="14.967" classname="runners.MainRunner"/>
</testsuite> <!-- runners.MainRunner -->
