<?xml version="1.0" encoding="UTF-8"?>
<!-- Generated by org.testng.reporters.JUnitReportReporter -->
<testsuite hostname="Windows-Module.local" name="runners.MainRunner" tests="1" failures="0" timestamp="22 Jan 2021 03:31:00 GMT" time="25.467" errors="0">
  <testcase name="feature" time="25.467" classname="runners.MainRunner"/>
</testsuite> <!-- runners.MainRunner -->
